<?xml version="1.0" encoding="UTF-8"?>
<coverage generated="1624537470984" clover="3.2.0">
  <project timestamp="1624537470984" name="All files">
    <metrics statements="1" coveredstatements="1" conditionals="0" coveredconditionals="0" methods="2" coveredmethods="2" elements="3" coveredelements="3" complexity="0" loc="1" ncloc="1" packages="1" files="1" classes="1"/>
    <file name="app.js" path="C:\Users\Екатерина\OneDrive\Рабочий стол\НЕТОЛОГИЯ\JS\AJS-16.4.2\src\js\app.js">
      <metrics statements="1" coveredstatements="1" conditionals="0" coveredconditionals="0" methods="2" coveredmethods="2"/>
      <line num="2" count="6" type="stmt"/>
    </file>
  </project>
</coverage>
