{"C:\\Users\\Екатерина\\OneDrive\\Рабочий стол\\НЕТОЛОГИЯ\\JS\\AJS-16.4.2\\src\\js\\app.js": {"path":"C:\\Users\\Екатерина\\OneDrive\\Рабочий стол\\НЕТОЛОГИЯ\\JS\\AJS-16.4.2\\src\\js\\app.js","statementMap":{"0":{"start":{"line":2,"column":4},"end":{"line":2,"column":53}},"1":{"start":{"line":2,"column":32},"end":{"line":2,"column":51}}},"fnMap":{"0":{"name":"sortChars","decl":{"start":{"line":1,"column":24},"end":{"line":1,"column":33}},"loc":{"start":{"line":1,"column":41},"end":{"line":3,"column":3}},"line":1},"1":{"name":"(anonymous_1)","decl":{"start":{"line":2,"column":22},"end":{"line":2,"column":23}},"loc":{"start":{"line":2,"column":32},"end":{"line":2,"column":51}},"line":2}},"branchMap":{},"s":{"0":2,"1":6},"f":{"0":2,"1":6},"b":{},"_coverageSchema":"1a1c01bbd47fc00a2c39e90264f33305004495a9","hash":"06bb7e41eb4ac7ff8c7e2bd90478257874a3c5e6"}
}
